{
  "stats": {
    "suites": 1,
    "tests": 2,
    "passes": 2,
    "pending": 0,
    "failures": 0,
    "start": "2025-03-08T19:58:51.312Z",
    "end": "2025-03-08T19:59:04.289Z",
    "duration": 12977,
    "testsRegistered": 2,
    "passPercent": 100,
    "pendingPercent": 0,
    "other": 0,
    "hasOther": false,
    "skipped": 0,
    "hasSkipped": false
  },
  "results": [
    {
      "uuid": "f8fbf566-6b09-4a6b-8121-a7d5760ff9f8",
      "title": "",
      "fullFile": "cypress\\e2e\\auth\\login.cy.js",
      "file": "cypress\\e2e\\auth\\login.cy.js",
      "beforeHooks": [],
      "afterHooks": [],
      "tests": [],
      "suites": [
        {
          "uuid": "fabb254c-758d-47ed-8ba4-8accd491a86d",
          "title": "Login Test",
          "fullFile": "",
          "file": "",
          "beforeHooks": [],
          "afterHooks": [],
          "tests": [
            {
              "title": "open browser correctly",
              "fullTitle": "Login Test open browser correctly",
              "timedOut": null,
              "duration": 7163,
              "state": "passed",
              "speed": "medium",
              "pass": true,
              "fail": false,
              "pending": false,
              "context": null,
              "code": "cy.get(\".shop-menu > .nav > :nth-child(1) > a\").should(\"be.visible\");",
              "err": {},
              "uuid": "ef06746c-b13f-4e14-9e16-52a437a9a9df",
              "parentUUID": "fabb254c-758d-47ed-8ba4-8accd491a86d",
              "isHook": false,
              "skipped": false
            },
            {
              "title": "login correctly",
              "fullTitle": "Login Test login correctly",
              "timedOut": null,
              "duration": 5723,
              "state": "passed",
              "speed": "medium",
              "pass": true,
              "fail": false,
              "pending": false,
              "context": null,
              "code": "cy.get(\".shop-menu > .nav > :nth-child(4) > a\").click();\ncy.get(\".login-form > h2\").should(\"be.visible\");\ncy.get('[data-qa=\"login-email\"]').type(this.data.login.email);\ncy.get('[data-qa=\"login-password\"]').type(this.data.login.password);\ncy.get('[data-qa=\"login-button\"]').click();\ncy.contains('Logged in as test').should('be.visible');",
              "err": {},
              "uuid": "beac0486-8b92-45d3-8ead-ca702e1807a0",
              "parentUUID": "fabb254c-758d-47ed-8ba4-8accd491a86d",
              "isHook": false,
              "skipped": false
            }
          ],
          "suites": [],
          "passes": [
            "ef06746c-b13f-4e14-9e16-52a437a9a9df",
            "beac0486-8b92-45d3-8ead-ca702e1807a0"
          ],
          "failures": [],
          "pending": [],
          "skipped": [],
          "duration": 12886,
          "root": false,
          "rootEmpty": false,
          "_timeout": 2000
        }
      ],
      "passes": [],
      "failures": [],
      "pending": [],
      "skipped": [],
      "duration": 0,
      "root": true,
      "rootEmpty": true,
      "_timeout": 2000
    }
  ],
  "meta": {
    "mocha": {
      "version": "7.0.1"
    },
    "mochawesome": {
      "options": {
        "quiet": false,
        "reportFilename": "mochawesome",
        "saveHtml": true,
        "saveJson": true,
        "consoleReporter": "spec",
        "useInlineDiffs": false,
        "code": true
      },
      "version": "7.1.3"
    },
    "marge": {
      "options": {
        "reportDir": "cypress/reports",
        "overwrite": false,
        "html": true,
        "json": true
      },
      "version": "6.2.0"
    }
  }
}